 #MC step, glo#.xyz, Etot, E met-ox, E met-met, order par(1), order par(2)
         0         0     -305.965662        0.000000     -305.965662        0.175166        0.000000
         5         1     -307.096481        0.000000     -307.096481        0.123348     -307.096481
        54         2     -307.132966        0.000000     -307.132966        0.120350     -307.132966
        75         3     -307.213781        0.000000     -307.213781        0.055679     -307.213781
        83         4     -307.983550        0.000000     -307.983550        0.055928     -307.983550
        88         5     -308.214643        0.000000     -308.214643        0.042316     -308.214643
       105         6     -308.265958        0.000000     -308.265958        0.056561     -308.265958
       128         7     -308.304715        0.000000     -308.304715        0.056561     -308.304715
       279         8     -308.770216        0.000000     -308.770216        0.058559     -308.770216
       399         9     -308.886059        0.000000     -308.886059        0.056306     -308.886059
       422        10     -308.886105        0.000000     -308.886105        0.056306     -308.886105
      1289        11     -308.984522        0.000000     -308.984522        0.058427     -308.984522
      2143        12     -309.037824        0.000000     -309.037824        0.060538     -309.037824
      5368        13     -309.201344        0.000000     -309.201344        0.062640     -309.201344
      5534        14     -309.352288        0.000000     -309.352288        0.060403     -309.352288
      5568        15     -309.352289        0.000000     -309.352289        0.060403     -309.352289
      9608        16     -309.462066        0.000000     -309.462066        0.062500     -309.462066
      9650        17     -309.462101        0.000000     -309.462101        0.062500     -309.462101
      9671        18     -309.462111        0.000000     -309.462111        0.062500     -309.462111
      9833        19     -309.462129        0.000000     -309.462129        0.062500     -309.462129
     15623        20     -309.462143        0.000000     -309.462143        0.062500     -309.462143
     15672        21     -309.462144        0.000000     -309.462144        0.062500     -309.462144
