     5    13        -307.096           0.000        -307.096   0.12335
    25    14        -306.848           0.000        -306.848   0.13053
    34    18        -306.957           0.000        -306.957   0.17865
    45     7        -307.055           0.000        -307.055   0.06027
    48    10        -307.010           0.000        -307.010   0.09272
    54    13        -307.133           0.000        -307.133   0.12035
    61    14        -307.045           0.000        -307.045   0.13537
    63    13        -307.115           0.000        -307.115   0.12500
    64    10        -306.963           0.000        -306.963   0.09031
    75     6        -307.214           0.000        -307.214   0.05568
    81     5        -307.154           0.000        -307.154   0.04646
    83     6        -307.984           0.000        -307.984   0.05593
    88     5        -308.215           0.000        -308.215   0.04232
    99     6        -308.182           0.000        -308.182   0.05442
   105     6        -308.266           0.000        -308.266   0.05656
   107     6        -307.831           0.000        -307.831   0.05682
   128     6        -308.305           0.000        -308.305   0.05656
   139     6        -307.699           0.000        -307.699   0.05669
   234     6        -307.909           0.000        -307.909   0.05896
   279     6        -308.770           0.000        -308.770   0.05856
   282     6        -308.238           0.000        -308.238   0.05643
   323     6        -308.323           0.000        -308.323   0.05430
   399     6        -308.886           0.000        -308.886   0.05631
   515     6        -308.745           0.000        -308.745   0.05856
   725     7        -307.903           0.000        -307.903   0.06306
  1289     6        -308.985           0.000        -308.985   0.05843
  1305     6        -308.948           0.000        -308.948   0.05843
  1319     6        -308.952           0.000        -308.952   0.05843
  1544     7        -308.269           0.000        -308.269   0.06532
  1804     7        -308.491           0.000        -308.491   0.06306
  2026     4        -308.340           0.000        -308.340   0.03728
  2143     7        -309.038           0.000        -309.038   0.06054
  2200     6        -308.943           0.000        -308.943   0.05843
  2245     7        -308.819           0.000        -308.819   0.06067
  2506     7        -308.884           0.000        -308.884   0.06067
  3124     8        -308.475           0.000        -308.475   0.07383
  3197     5        -308.178           0.000        -308.178   0.04232
  3299     5        -308.279           0.000        -308.279   0.04435
  3308     6        -308.944           0.000        -308.944   0.05843
  3977     3        -307.627           0.000        -307.627   0.02955
  3992     8        -308.781           0.000        -308.781   0.07127
  5146     4        -307.754           0.000        -307.754   0.03218
  5298     7        -309.038           0.000        -309.038   0.06054
  5360     4        -308.509           0.000        -308.509   0.03645
  5368     7        -309.201           0.000        -309.201   0.06264
  5534     7        -309.352           0.000        -309.352   0.06040
  5644     7        -309.201           0.000        -309.201   0.06264
  5919     7        -309.352           0.000        -309.352   0.06040
  5954     8        -308.429           0.000        -308.429   0.07383
  5971     6        -308.223           0.000        -308.223   0.05869
  6294     6        -308.776           0.000        -308.776   0.05856
  6427     6        -308.814           0.000        -308.814   0.05856
  7549     4        -308.576           0.000        -308.576   0.03645
  7589     5        -308.033           0.000        -308.033   0.04933
  7608     5        -308.834           0.000        -308.834   0.04646
  7714     6        -308.912           0.000        -308.912   0.05843
  7764     8        -308.781           0.000        -308.781   0.07127
  7832     6        -308.913           0.000        -308.913   0.05843
  7988     6        -308.948           0.000        -308.948   0.05843
  9411     6        -308.952           0.000        -308.952   0.05843
  9461     8        -308.791           0.000        -308.791   0.07127
  9608     7        -309.462           0.000        -309.462   0.06250
  9894     7        -309.048           0.000        -309.048   0.06054
  9927     6        -308.222           0.000        -308.222   0.05869
  9999     8        -308.154           0.000        -308.154   0.07143
 10627     6        -308.228           0.000        -308.228   0.05882
 11475     4        -308.207           0.000        -308.207   0.03881
 11737     6        -308.343           0.000        -308.343   0.05869
 11814     6        -308.526           0.000        -308.526   0.05869
 12252     9        -307.640           0.000        -307.640   0.08090
 12280    11        -307.683           0.000        -307.683   0.10045
 12301    11        -308.311           0.000        -308.311   0.10066
 12328     8        -308.351           0.000        -308.351   0.07506
 12334     9        -308.153           0.000        -308.153   0.08571
 12388     5        -308.573           0.000        -308.573   0.04444
 12426     6        -308.697           0.000        -308.697   0.05856
 12434     8        -308.655           0.000        -308.655   0.07350
 12484     6        -309.115           0.000        -309.115   0.05033
 12732     7        -309.064           0.000        -309.064   0.06054
 12734     7        -309.462           0.000        -309.462   0.06250
 14419     4        -308.481           0.000        -308.481   0.03645
 14823     8        -308.912           0.000        -308.912   0.07333
 15483     7        -309.462           0.000        -309.462   0.06250
 15870     7        -308.313           0.000        -308.313   0.06081
 15889     7        -308.586           0.000        -308.586   0.06292
 15898     6        -308.416           0.000        -308.416   0.05856
 15910     7        -309.462           0.000        -309.462   0.06250
 16198     6        -308.789           0.000        -308.789   0.05843
 16387     6        -308.992           0.000        -308.992   0.05843
 17440     4        -308.587           0.000        -308.587   0.03196
 17447     5        -308.374           0.000        -308.374   0.04009
 17527     4        -308.787           0.000        -308.787   0.03761
 17675     9        -307.898           0.000        -307.898   0.08036
 17686     9        -307.932           0.000        -307.932   0.08705
 17745     8        -308.065           0.000        -308.065   0.07830
 18144     8        -308.630           0.000        -308.630   0.07350
 18442     8        -308.763           0.000        -308.763   0.07127
 19326     8        -308.785           0.000        -308.785   0.07556
 20100     7        -309.462           0.000        -309.462   0.06250
 20473     5        -308.447           0.000        -308.447   0.04835
 23773     7        -309.462           0.000        -309.462   0.06250
 24904     5        -308.782           0.000        -308.782   0.04444
 25190    13        -307.033           0.000        -307.033   0.12304
 25197    12        -306.480           0.000        -306.480   0.11921
 25199    10        -306.772           0.000        -306.772   0.09354
 25204    18        -307.018           0.000        -307.018   0.17505
 25208    19        -306.856           0.000        -306.856   0.18860
 25210    14        -307.052           0.000        -307.052   0.13877
 25216    17        -306.829           0.000        -306.829   0.16812
 25257     9        -308.117           0.000        -308.117   0.08628
 25413     2        -308.460           0.000        -308.460   0.01974
 25508     3        -307.865           0.000        -307.865   0.02838
 25516    13        -307.340           0.000        -307.340   0.12939
 25532    15        -307.478           0.000        -307.478   0.14629
 25534    10        -307.695           0.000        -307.695   0.09313
 25540    10        -307.780           0.000        -307.780   0.09430
 25574     9        -308.218           0.000        -308.218   0.08686
 25626    10        -307.807           0.000        -307.807   0.09534
 25645    11        -307.497           0.000        -307.497   0.10421
 25691    13        -307.573           0.000        -307.573   0.12389
 25692    14        -307.555           0.000        -307.555   0.13274
 25694    14        -307.586           0.000        -307.586   0.13846
 25696    14        -307.706           0.000        -307.706   0.13567
 25703    13        -307.694           0.000        -307.694   0.12088
 25706     1        -307.764           0.000        -307.764   0.00444
 25724     2        -308.678           0.000        -308.678   0.01147
 25748     2        -308.921           0.000        -308.921   0.01144
 26116     2        -308.921           0.000        -308.921   0.01144
 26788     1        -308.186           0.000        -308.186   0.00887
 27254     6        -309.115           0.000        -309.115   0.05022
 27716     7        -309.462           0.000        -309.462   0.06250
 29207     5        -308.789           0.000        -308.789   0.04232
 29305    12        -306.983           0.000        -306.983   0.11308
 29321     3        -307.996           0.000        -307.996   0.02968
 29433     1        -308.339           0.000        -308.339   0.00917
 29489     1        -308.436           0.000        -308.436   0.00920
 29939    13        -307.960           0.000        -307.960   0.12061
 29971    10        -307.998           0.000        -307.998   0.09868
 30569     9        -308.620           0.000        -308.620   0.08000
 31092    16        -306.444           0.000        -306.444   0.15111
 31124    23        -306.551           0.000        -306.551   0.22222
 31132    20        -307.029           0.000        -307.029   0.19214
 31176    12        -306.989           0.000        -306.989   0.11752
 31331    16        -306.962           0.000        -306.962   0.15419
 31411     3        -308.094           0.000        -308.094   0.02283
 31552    12        -307.126           0.000        -307.126   0.11842
 31901    16        -307.441           0.000        -307.441   0.15351
 32165     5        -308.803           0.000        -308.803   0.04000
 33444    12        -307.154           0.000        -307.154   0.11258
 33475    18        -307.168           0.000        -307.168   0.17943
 33476    20        -307.112           0.000        -307.112   0.19694
 34148     3        -308.392           0.000        -308.392   0.02237
 34610     4        -308.788           0.000        -308.788   0.03326
 36201    20        -307.282           0.000        -307.282   0.19694
 36212    19        -306.985           0.000        -306.985   0.18901
 36340     1        -308.471           0.000        -308.471   0.00920
 36396     1        -308.477           0.000        -308.477   0.00920
 36416     1        -308.678           0.000        -308.678   0.00917
 36468     1        -308.692           0.000        -308.692   0.00917
 36590     4        -308.793           0.000        -308.793   0.03982
 36628     4        -308.793           0.000        -308.793   0.03982
 37149    11        -307.801           0.000        -307.801   0.10352
 37242    12        -307.521           0.000        -307.521   0.11504
 37304    17        -307.312           0.000        -307.312   0.16920
 37313    21        -306.873           0.000        -306.873   0.20087
 38221     6        -309.115           0.000        -309.115   0.05022
 38837     6        -309.115           0.000        -309.115   0.05033
 39197    25        -306.642           0.000        -306.642   0.24783
 39859    19        -307.003           0.000        -307.003   0.18777
 39895    11        -307.927           0.000        -307.927   0.10375
 40014    15        -307.632           0.000        -307.632   0.14693
 42436    22        -306.680           0.000        -306.680   0.21212
 44765    22        -306.758           0.000        -306.758   0.21806
 44801    12        -307.608           0.000        -307.608   0.11504
 44810    12        -307.621           0.000        -307.621   0.11013
 45400     3        -308.474           0.000        -308.474   0.02975
 46285    21        -306.968           0.000        -306.968   0.20996
 46311    21        -306.982           0.000        -306.982   0.20524
 47276     5        -308.838           0.000        -308.838   0.04677
 47395     8        -308.801           0.000        -308.801   0.07127
 47686     8        -308.874           0.000        -308.874   0.07333
 48135    18        -307.424           0.000        -307.424   0.17582
 51814     3        -308.682           0.000        -308.682   0.02288
 52297    19        -307.255           0.000        -307.255   0.18043
 52686     4        -308.845           0.000        -308.845   0.03761
 52795     4        -308.851           0.000        -308.851   0.03753
 53565     7        -309.462           0.000        -309.462   0.06250
 58441    23        -307.041           0.000        -307.041   0.22489
 60000    21        -307.384           0.000        -307.384   0.20261
 61102    15        -308.171           0.000        -308.171   0.14100
 61106    14        -308.202           0.000        -308.202   0.13377
 64135    21        -307.899           0.000        -307.899   0.20479
 64144    20        -307.813           0.000        -307.813   0.19037
 64159    18        -307.883           0.000        -307.883   0.17211
 64194    17        -307.720           0.000        -307.720   0.16009
 64205    16        -307.510           0.000        -307.510   0.15904
 64495    17        -307.725           0.000        -307.725   0.16264
 64496    16        -307.579           0.000        -307.579   0.15132
 64596    13        -308.283           0.000        -308.283   0.12335
 66467    12        -307.710           0.000        -307.710   0.11790
 69343    19        -307.361           0.000        -307.361   0.18996
 71801    24        -306.515           0.000        -306.515   0.23965
 71810    22        -306.981           0.000        -306.981   0.21041
 71919     3        -308.684           0.000        -308.684   0.02494
 72853     5        -308.844           0.000        -308.844   0.04656
 73894    10        -308.007           0.000        -308.007   0.09272
 75095    12        -307.747           0.000        -307.747   0.11233
 76160    22        -307.050           0.000        -307.050   0.21569
 83516    10        -308.169           0.000        -308.169   0.09190
 83978    23        -307.432           0.000        -307.432   0.22246
 85115    24        -306.777           0.000        -306.777   0.23261
 85443    10        -308.210           0.000        -308.210   0.09607
 85662    26        -306.798           0.000        -306.798   0.25272
 86413     5        -308.878           0.000        -308.878   0.04656
 87799     2        -308.966           0.000        -308.966   0.01144
 87921     2        -308.966           0.000        -308.966   0.01144
 92201     3        -308.788           0.000        -308.788   0.02895
 94001    25        -307.157           0.000        -307.157   0.24569
 95425    12        -308.089           0.000        -308.089   0.11921
 98169    16        -307.588           0.000        -307.588   0.15652
101334    19        -307.479           0.000        -307.479   0.18519
103074    22        -307.364           0.000        -307.364   0.21552
105462     5        -308.883           0.000        -308.883   0.04656
105684     8        -308.890           0.000        -308.890   0.07333
105703    11        -308.234           0.000        -308.234   0.10375
108014    20        -308.043           0.000        -308.043   0.19390
119899    16        -307.667           0.000        -307.667   0.15419
123151    24        -307.019           0.000        -307.019   0.23983
130041     6        -309.115           0.000        -309.115   0.05033
132224     4        -308.851           0.000        -308.851   0.03744
142220     8        -308.919           0.000        -308.919   0.07333
146486     5        -309.080           0.000        -309.080   0.04803
154913    16        -307.752           0.000        -307.752   0.15584
162454    26        -307.362           0.000        -307.362   0.25641
170005    10        -308.222           0.000        -308.222   0.09713
177121    28        -306.788           0.000        -306.788   0.27371
185082    24        -307.199           0.000        -307.199   0.23922
191709    16        -307.856           0.000        -307.856   0.15011
192039    13        -308.388           0.000        -308.388   0.12832
195154    10        -308.278           0.000        -308.278   0.09211
