     1      0.0100000000000      0.0091743119266   -308.6918473408396
     2      0.0200000000000      0.0114416475973   -308.9662792530266
     3      0.0300000000000      0.0289532293987   -308.7876167308818
     4      0.0400000000000      0.0374449339207   -308.8507646123004
     5      0.0500000000000      0.0480349344978   -309.0795688948216
     6      0.0600000000000      0.0503282275711   -309.1148604710353
     7      0.0700000000000      0.0625000000000   -309.4621380116105
     8      0.0800000000000      0.0733333333333   -308.9188210105091
     9      0.0900000000000      0.0800000000000   -308.6195481501641
    10      0.1000000000000      0.0921052631579   -308.2780725662765
    11      0.1100000000000      0.1037527593819   -308.2341839436285
    12      0.1200000000000      0.1192052980132   -308.0893826435440
    13      0.1300000000000      0.1283185840708   -308.3883302071736
    14      0.1400000000000      0.1337719298246   -308.2016710560210
    15      0.1500000000000      0.1409978308026   -308.1705970919215
    16      0.1600000000000      0.1501103752759   -307.8560770562827
    17      0.1700000000000      0.1626373626374   -307.7247430288331
    18      0.1800000000000      0.1721132897603   -307.8831334588563
    19      0.1900000000000      0.1851851851852   -307.4786591922216
    20      0.2000000000000      0.1938997821351   -308.0429001073799
    21      0.2100000000000      0.2047930283224   -307.8991233795022
    22      0.2200000000000      0.2155172413793   -307.3644167080137
    23      0.2300000000000      0.2224622030238   -307.4321306407002
    24      0.2400000000000      0.2392241379310   -307.1993117509899
    25      0.2500000000000      0.2456896551724   -307.1565816569409
    26      0.2600000000000      0.2564102564103   -307.3624253860069
    28      0.2800000000000      0.2737068965517   -306.7884242470312
