 ## Time[ps]  Epot[eV]  Etot[eV]  Ekin[eV]  <Edelta>  <Etot>  <T[K]>
         0.0250     -399.44989    -381.89313      17.55677        1.86023    -381.83635     953.99935
         0.0500     -396.62544    -382.22836      14.39708        1.85216    -382.06093     831.87372
         0.0750     -395.04622    -382.72469      12.32153        1.83460    -382.55009     674.71050
         0.1000     -396.01472    -382.52771      13.48702        1.83467    -382.54818     687.20308
         0.1250     -396.79841    -382.28645      14.51196        1.83783    -382.46006     739.98952
         0.1500     -396.33789    -382.15574      14.18215        1.84635    -382.22277     760.66759
         0.1750     -395.24636    -382.28525      12.96111        1.84490    -382.26314     700.62072
         0.2000     -395.31889    -382.17673      13.14216        1.84620    -382.22713     688.63550
         0.2250     -395.44629    -382.28346      13.16282        1.84562    -382.24329     685.79940
         0.2500     -396.25622    -382.38800      13.86821        1.84152    -382.35754     716.50797
         0.2750     -397.03865    -382.50338      14.53527        1.83799    -382.45571     747.94693
         0.3000     -398.21323    -382.59235      15.62088        1.83467    -382.54817     799.81684
         0.3250     -398.62726    -382.75925      15.86800        1.82922    -382.70011     834.18732
         0.3500     -397.83384    -382.91354      14.92030        1.82290    -382.87604     808.40041
         0.3750     -396.77539    -383.27953      13.49586        1.81545    -383.08351     740.21390
         0.4000     -396.30557    -383.16265      13.14292        1.80959    -383.24670     693.64421
         0.4250     -396.51354    -383.08733      13.42621        1.81497    -383.09683     700.39761
         0.4500     -396.30835    -383.21522      13.09313        1.81654    -383.05324     704.14462
         0.4750     -395.83788    -383.52994      12.30793        1.80502    -383.37409     665.73889
         0.5000     -395.55653    -383.73691      11.81962        1.79491    -383.65564     629.93683
         0.5250     -395.39665    -383.52568      11.87097        1.79402    -383.68031     620.57307
         0.5500     -395.51530    -383.38434      12.13096        1.80227    -383.45063     628.64876
         0.5750     -395.91937    -383.21002      12.70936        1.80974    -383.24250     660.67259
         0.6000     -395.40979    -383.03640      12.37339        1.81518    -383.09107     661.28522
         0.6250     -395.25751    -382.67396      12.58355        1.82425    -382.83833     651.33379
         0.6500     -396.24090    -382.54675      13.69415        1.83298    -382.59519     694.86798
         0.6750     -396.86123    -382.11128      14.74996        1.84314    -382.31232     755.68850
         0.7000     -397.09148    -382.00712      15.08436        1.85268    -382.04661     786.93531
         0.7250     -396.97371    -381.87309      15.10062        1.85696    -381.92740     795.94457
         0.7500     -396.90037    -381.38585      15.51453        1.86789    -381.62282     804.27540
         0.7750     -396.42716    -381.15561      15.27155        1.88311    -381.19912     814.35875
         0.8000     -395.96401    -381.12836      14.83565        1.88511    -381.14337     785.45403
         0.8250     -396.81246    -381.68601      15.12645        1.87121    -381.53049     783.91706
         0.8500     -396.70799    -381.80109      14.90691        1.86381    -381.73654     799.43156
         0.8750     -394.59394    -382.10638      12.48756        1.85468    -381.99086     710.37419
         0.9000     -394.14893    -382.24210      11.90683        1.84654    -382.21751     624.30748
         0.9250     -395.25176    -381.92575      13.32601        1.85493    -381.98400     675.19823
         0.9500     -395.91976    -381.65843      14.26132        1.86269    -381.76787     731.51918
         0.9750     -396.53182    -381.32334      15.20847        1.86993    -381.56619     776.60549
         1.0000     -395.68499    -381.19484      14.49016        1.88263    -381.21228     787.08227
         1.0250     -394.59745    -381.13668      13.46077        1.88434    -381.16465     725.74113
         1.0500     -394.03345    -381.11933      12.91412        1.88552    -381.13177     690.16091
         1.0750     -394.64893    -381.03920      13.60972        1.88778    -381.06888     692.85967
         1.1000     -395.96054    -381.02971      14.93083        1.88986    -381.01085     761.82168
         1.1250     -396.57206    -380.42350      16.14856        1.89447    -380.88245     814.17095
         1.1500     -396.62897    -380.54052      16.08845        1.90771    -380.51378     849.23234
         1.1750     -395.82903    -380.22513      15.60389        1.91307    -380.36440     834.86504
         1.2000     -394.41723    -380.17658      14.24065        1.91949    -380.18579     776.85140
         1.2250     -395.10358    -380.22381      14.87977        1.91916    -380.19481     756.19087
         1.2500     -396.83248    -380.41452      16.41796        1.91400    -380.33850     838.54905
         1.2750     -396.04241    -380.68855      15.35386        1.90588    -380.56468     840.26775
         1.3000     -394.98231    -380.71951      14.26281        1.90341    -380.63358     770.30380
         1.3250     -395.47464    -380.95514      14.51950        1.89466    -380.87735     756.00774
         1.3500     -395.30209    -380.99728      14.30481        1.89048    -380.99359     760.67699
         1.3750     -394.62752    -380.71956      13.90796        1.89589    -380.84313     739.95808
         1.4000     -394.01357    -380.45196      13.56161        1.90506    -380.58753     717.67099
         1.4250     -394.16183    -380.57986      13.58197        1.90796    -380.50694     710.79718
         1.4500     -394.96355    -380.79209      14.17147        1.90254    -380.65770     735.66982
         1.4750     -395.58031    -380.74542      14.83489        1.89862    -380.76691     767.34144
         1.5000     -394.91154    -381.00572      13.90583        1.89084    -380.98369     753.19962
         1.5250     -394.35549    -381.06952      13.28597        1.88898    -381.03554     703.94073
         1.5500     -395.19171    -381.23070      13.96101        1.88274    -381.20940     717.49816
         1.5750     -395.23019    -381.18537      14.04482        1.88248    -381.21643     741.24923
         1.6000     -394.67711    -381.00171      13.67540        1.88747    -381.07751     727.53809
         1.6250     -394.34867    -380.73995      13.60873        1.89593    -380.84194     714.27385
         1.6500     -394.58030    -380.30344      14.27686        1.91091    -380.42470     738.66687
         1.6750     -394.61752    -379.88553      14.73199        1.92613    -380.00067     771.24546
         1.7000     -394.41558    -379.41262      15.00296        1.93937    -379.63187     780.22500
         1.7250     -395.28026    -379.16657      16.11368        1.95304    -379.25106     822.72453
         1.7500     -396.32601    -379.01600      17.31001        1.95947    -379.07197     885.85546
         1.7750     -396.59000    -379.08479      17.50520        1.96064    -379.03959     925.02978
         1.8000     -395.17181    -379.11000      16.06181        1.95865    -379.09498     879.09395
         1.8250     -394.21630    -379.12824      15.08806        1.95596    -379.16983     806.73874
         1.8500     -395.04492    -379.54300      15.50192        1.94965    -379.34574     801.28106
         1.8750     -396.35980    -380.01398      16.34581        1.93168    -379.84611     848.08767
         1.9000     -394.74316    -380.27710      14.46606        1.91957    -380.18354     811.34981
         1.9250     -393.22250    -380.23799      12.98451        1.91639    -380.27202     701.23576
         1.9500     -394.42488    -380.18104      14.24384        1.91814    -380.22336     716.77445
         1.9750     -395.09570    -379.96628      15.12942        1.92426    -380.05271     784.03231
         2.0000     -394.75318    -379.61665      15.13652        1.94017    -379.60956     805.91802
         2.0250     -394.38099    -379.37205      15.00894        1.94915    -379.35943     796.11509
         2.0500     -393.88307    -379.47440      14.40867        1.94616    -379.44293     773.89665
         2.0750     -393.43973    -379.55475      13.88499        1.94318    -379.52586     736.93397
         2.1000     -394.03910    -379.53389      14.50520        1.94340    -379.51983     747.17820
         2.1250     -394.74880    -379.64070      15.10810        1.94042    -379.60272     786.47349
         2.1500     -393.99895    -379.58933      14.40963        1.93997    -379.61537     773.49064
         2.1750     -394.18026    -379.30720      14.87306        1.94719    -379.41425     771.61662
         2.2000     -394.14785    -379.01064      15.13721        1.95743    -379.12904     789.53594
         2.2250     -394.73835    -378.81570      15.92265        1.96661    -378.87329     819.53526
         2.2500     -395.23460    -378.44044      16.79417        1.97692    -378.58618     869.77386
         2.2750     -394.18871    -378.15314      16.03557        1.98606    -378.33152     860.06541
         2.3000     -394.20456    -378.08247      16.12209        1.99408    -378.10799     836.27822
         2.3250     -395.35953    -377.99102      17.36851        1.99690    -378.02942     889.74563
         2.3500     -394.96893    -377.71440      17.25453        2.00119    -377.91019     914.02533
         2.3750     -393.62785    -377.84456      15.78329        2.00766    -377.72984     864.04977
         2.4000     -393.22216    -377.81120      15.41096        2.00378    -377.83792     812.66322
         2.4250     -393.79741    -377.88447      15.91294        2.00264    -377.86968     823.76020
         2.4500     -394.07338    -378.02175      16.05163        2.00060    -377.92641     846.89547
         2.4750     -393.76152    -377.94737      15.81415        1.99760    -378.00992     836.38598
         2.5000     -393.71529    -377.95174      15.76355        1.99753    -378.01198     823.60102
         2.5250     -394.58142    -378.02172      16.55970        1.99756    -378.01117     850.82535
         2.5500     -395.08831    -378.12825      16.96006        1.99608    -378.05247     892.70867
         2.5750     -393.52974    -377.83675      15.69299        2.00174    -377.89480     863.83355
         2.6000     -391.87394    -377.61527      14.25867        2.00885    -377.69668     770.97273
         2.6250     -393.43524    -377.44299      15.99225        2.01616    -377.49305     794.93005
         2.6500     -394.81351    -377.08785      17.72567        2.02438    -377.26415     903.77973
         2.6750     -394.35454    -376.90827      17.44626        2.03201    -377.05155     925.59332
         2.7000     -393.46166    -377.05042      16.41123        2.03526    -376.96097     885.31925
         2.7250     -393.86958    -377.46279      16.40679        2.02186    -377.33420     855.25238
         2.7500     -393.73481    -377.42767      16.30714        2.01971    -377.39413     871.28687
         2.7750     -392.92952    -377.58266      15.34686        2.01624    -377.49086     826.97933
         2.8000     -393.06144    -377.38802      15.67342        2.01622    -377.49154     811.82544
         2.8250     -393.47433    -377.50419      15.97014        2.01610    -377.49484     831.74125
         2.8500     -393.36344    -377.34187      16.02157        2.02141    -377.34678     852.71435
         2.8750     -392.74132    -377.40117      15.34015        2.02228    -377.32266     818.91848
         2.9000     -393.62241    -377.54217      16.08024        2.01591    -377.50005     826.83214
         2.9250     -394.04087    -377.48529      16.55558        2.01509    -377.52300     863.29647
         2.9500     -394.54613    -377.39678      17.14936        2.01826    -377.43464     889.45705
         2.9750     -393.98096    -377.36698      16.61398        2.02040    -377.37511     893.13748
         3.0000     -393.00222    -377.44371      15.55851        2.01968    -377.39510     836.93587
         3.0250     -393.48997    -377.43154      16.05843        2.01897    -377.41483     832.45779
         3.0500     -393.63134    -376.93722      16.69412        2.03049    -377.09404     871.52625
         3.0750     -393.48620    -376.43707      17.04912        2.04340    -376.73430     883.41538
         3.1000     -393.46592    -376.62393      16.84199        2.04902    -376.57793     887.25489
         3.1250     -393.89795    -376.91960      16.97836        2.04077    -376.80762     890.42285
         3.1500     -393.55560    -376.62256      16.93305        2.04953    -376.56367     904.46604
         3.1750     -393.31632    -376.48594      16.83038        2.05014    -376.54651     883.93902
         3.2000     -393.21068    -376.72134      16.48935        2.04960    -376.56162     880.08466
         3.2250     -392.79551    -377.16009      15.63542        2.03891    -376.85956     847.65970
         3.2500     -391.95943    -376.48434      15.47509        2.03798    -376.88540     814.03737
         3.2750     -391.56345    -376.26354      15.29991        2.05740    -376.34442     799.36914
         3.3000     -392.95453    -376.15845      16.79608        2.06303    -376.18746     853.40038
         3.3250     -392.53583    -376.10212      16.43370        2.06516    -376.12821     880.89799
         3.3500     -392.21140    -375.73974      16.47166        2.07186    -375.94153     853.03474
         3.3750     -393.40381    -375.69701      17.70680        2.08151    -375.67284     909.49869
         3.4000     -393.59319    -375.30302      18.29017        2.08627    -375.54040     948.68930
         3.4250     -393.38698    -374.96831      18.41867        2.10413    -375.04284     972.58520
         3.4500     -392.38583    -374.82929      17.55654        2.10803    -374.93411     941.32264
         3.4750     -391.76478    -375.10110      16.66369        2.10576    -374.99749     891.17601
         3.5000     -392.17243    -374.63345      17.53897        2.11245    -374.81109     900.30595
         3.5250     -393.17111    -374.26513      18.90598        2.12845    -374.36535     967.69679
         3.5500     -393.21793    -374.15266      19.06528        2.13466    -374.19248    1008.73203
         3.5750     -391.71549    -374.15612      17.55937        2.13615    -374.15087     956.72845
         3.6000     -391.81478    -374.28300      17.53178        2.13390    -374.21352     915.75698
         3.6250     -392.08915    -374.41465      17.67450        2.12901    -374.34996     930.83528
         3.6500     -392.28216    -374.87124      17.41092        2.11311    -374.79267     912.97959
         3.6750     -392.43107    -374.89595      17.53513        2.11019    -374.87391     926.86503
         3.7000     -390.81222    -374.76791      16.04431        2.11145    -374.83896     877.31736
         3.7250     -390.90417    -374.46958      16.43459        2.12033    -374.59151     844.29121
         3.7500     -391.72690    -374.46330      17.26360        2.12590    -374.43643     896.75511
         3.7750     -392.23748    -374.57927      17.65821        2.12036    -374.59065     914.24448
         3.8000     -392.73212    -374.69870      18.03343        2.11715    -374.68023     945.32507
         3.8250     -391.70366    -374.90315      16.80052        2.11162    -374.83407     911.60167
         3.8500     -392.10185    -374.69205      17.40980        2.11535    -374.73033     896.35885
         3.8750     -393.14544    -374.55438      18.59106        2.11918    -374.62367     955.83079
         3.9000     -392.81720    -374.66541      18.15179        2.11912    -374.62524     970.00415
         3.9250     -391.62830    -374.70512      16.92318        2.11616    -374.70784     917.34913
         3.9500     -390.79655    -374.89366      15.90289        2.11220    -374.81791     851.37696
         3.9750     -391.22294    -375.00018      16.22276        2.10862    -374.91763     848.85079
         4.0000     -390.96072    -374.96116      15.99957        2.10614    -374.98670     846.40003
         4.0250     -390.71570    -374.67664      16.03906        2.11561    -374.72318     848.18017
         4.0500     -389.85029    -374.39233      15.45796        2.12604    -374.43261     828.63245
         4.0750     -390.58325    -374.37765      16.20560        2.12880    -374.35563     830.23888
         4.1000     -391.30269    -374.29692      17.00578        2.13024    -374.31565     882.69560
         4.1250     -390.61396    -373.77426      16.83970        2.14557    -373.88854     897.51106
         4.1500     -390.46083    -373.15909      17.30174        2.15202    -373.70904     879.71317
         4.1750     -390.90485    -373.42817      17.47668        2.16608    -373.31721     915.65619
         4.2000     -390.62768    -373.76589      16.86179        2.15362    -373.66433     903.60135
         4.2250     -389.84837    -373.96856      15.87981        2.14673    -373.85622     855.02038
         4.2500     -390.28677    -373.82938      16.45740        2.14926    -373.78571     855.49024
         4.2750     -390.39234    -373.97780      16.41454        2.14395    -373.93381     868.23253
         4.3000     -390.79676    -374.06598      16.73078        2.14122    -374.00978     867.36044
         4.3250     -392.42381    -373.72239      18.70142        2.14768    -373.82975     944.98855
         4.3500     -391.93062    -373.64044      18.29018        2.15573    -373.60563     986.59750
         4.3750     -391.28080    -373.52173      17.75906        2.15773    -373.54984     940.72500
         4.4000     -391.67967    -373.59825      18.08142        2.16148    -373.44536     948.81508
         4.4250     -391.68143    -373.43945      18.24198        2.16172    -373.43867     967.53925
         4.4500     -390.38343    -373.60080      16.78263        2.15833    -373.53313     912.86882
         4.4750     -390.08846    -373.78449      16.30397        2.15188    -373.71296     862.19492
         4.5000     -391.11046    -373.88778      17.22268        2.14740    -373.83774     883.00561
         4.5250     -391.68744    -373.81385      17.87360        2.14651    -373.86249     932.51107
         4.5500     -390.64333    -373.77691      16.86642        2.14828    -373.81310     909.39942
         4.5750     -390.50889    -373.17348      17.33540        2.15838    -373.53166     891.45267
         4.6000     -390.76177    -373.03195      17.72981        2.17502    -373.06830     924.77651
         4.6250     -390.77415    -372.41401      18.36014        2.19585    -372.48824     963.18368
         4.6500     -390.87940    -372.38553      18.49387        2.20146    -372.33175     974.22032
         4.6750     -390.48307    -372.49404      17.98903        2.19747    -372.44288     957.86191
         4.7000     -390.86370    -372.43114      18.43256        2.20044    -372.36020     961.69737
         4.7250     -391.05379    -372.46248      18.59131        2.19682    -372.46096     978.33924
         4.7500     -390.60082    -372.51699      18.08383        2.19526    -372.50450     963.88805
         4.7750     -389.82324    -372.50399      17.31925        2.19444    -372.52742     925.91695
         4.8000     -389.57382    -372.23952      17.33430        2.20306    -372.28743     911.73665
         4.8250     -389.77456    -372.38717      17.38739        2.20157    -372.32881     915.92690
         4.8500     -389.41921    -372.48087      16.93834        2.19700    -372.45601     901.42234
         4.8750     -389.48235    -372.37404      17.10831        2.20031    -372.36382     894.70268
         4.9000     -389.66342    -372.43020      17.23322        2.19725    -372.44924     907.04488
         4.9250     -389.57987    -371.89155      17.68832        2.20786    -372.15366     914.70143
         4.9500     -389.83964    -371.85159      17.98805        2.21723    -371.89266     939.94161
         4.9750     -389.65200    -372.31741      17.33459        2.21106    -372.06436     930.42687
         5.0000     -389.85757    -372.25045      17.60712        2.20558    -372.21722     920.21415
         5.0250     -389.80213    -371.51955      18.28257        2.22779    -371.59834     963.58941
         5.0500     -389.97686    -371.31075      18.66611        2.23341    -371.44201     967.90641
         5.0750     -389.69752    -371.31561      18.38191        2.23318    -371.44841     972.51922
         5.1000     -388.93954    -371.44734      17.49220        2.23362    -371.43603     932.61427
         5.1250     -388.93319    -371.26644      17.66676        2.23573    -371.37729     924.82839
         5.1500     -388.88078    -371.12102      17.75976        2.24370    -371.15543     934.24354
         5.1750     -388.62074    -371.23209      17.38865        2.24305    -371.17339     923.43236
         5.2000     -388.11694    -370.80357      17.31337        2.25218    -370.91907     915.16766
         5.2250     -388.66455    -370.80306      17.86149        2.25443    -370.85657     921.09421
         5.2500     -388.58153    -370.63422      17.94731        2.24971    -370.98800     933.38115
         5.2750     -388.09170    -370.51812      17.57358        2.26380    -370.59557     928.03560
         5.3000     -387.85880    -370.55681      17.30200        2.26570    -370.54252     917.34656
         5.3250     -387.89774    -370.84709      17.05065        2.25633    -370.80365     893.48071
         5.3500     -388.58813    -370.98000      17.60813        2.25107    -370.95013     917.43054
         5.3750     -387.92618    -370.96612      16.96006        2.25016    -370.97533     906.09144
         5.4000     -388.12769    -371.04773      17.07997        2.24830    -371.02728     893.99531
         5.4250     -387.86834    -370.96953      16.89881        2.24925    -371.00075     893.06797
         5.4500     -388.04403    -370.75681      17.28722        2.25157    -370.93624     894.43005
         5.4750     -388.16196    -370.70293      17.45902        2.25881    -370.73445     918.05277
         5.5000     -387.82717    -370.72895      17.09823        2.25987    -370.70495     909.37785
         5.5250     -387.07592    -370.87472      16.20120        2.25603    -370.81200     871.79249
         5.5500     -386.62506    -370.90620      15.71886        2.25230    -370.91583     832.66323
         5.5750     -388.01285    -370.68714      17.32571        2.25656    -370.79703     869.71098
         5.6000     -389.00570    -370.45975      18.54594        2.26603    -370.53346     959.35865
         5.6250     -388.45479    -369.92360      18.53120        2.28415    -370.02878     982.78176
         5.6500     -388.17951    -369.97230      18.20721        2.28802    -369.92089     964.60261
         5.6750     -388.11512    -369.88899      18.22613        2.28900    -369.89360     958.22431
         5.7000     -388.41913    -369.81366      18.60546        2.29313    -369.77867     974.88291
         5.7250     -388.12732    -369.86393      18.26339        2.29122    -369.83176     971.72568
         5.7500     -387.24456    -369.82847      17.41609        2.29179    -369.81572     937.25107
         5.7750     -387.05449    -370.21897      16.83552        2.28138    -370.10585     888.19668
         5.8000     -387.83132    -370.48455      17.34677        2.27178    -370.37323     902.02340
         5.8250     -388.68641    -370.54675      18.13966        2.26454    -370.57481     934.15487
         5.8500     -389.38340    -370.25601      19.12738        2.27124    -370.38823     987.64471
         5.8750     -388.83259    -370.10779      18.72479        2.27951    -370.15792    1000.69966
         5.9000     -387.58775    -370.88736      16.70038        2.26821    -370.47270     923.92689
         5.9250     -387.53982    -370.97735      16.56247        2.25149    -370.93837     868.91863
         5.9500     -388.25918    -371.08932      17.16986        2.24768    -371.04459     890.84434
         5.9750     -388.13196    -371.13097      17.00099        2.24485    -371.12337     903.51162
         6.0000     -387.26891    -371.11964      16.14927        2.24445    -371.13442     865.63616
         6.0250     -387.42059    -370.84708      16.57351        2.25407    -370.86658     862.70785
         6.0500     -388.35820    -370.81503      17.54317        2.25560    -370.82379     902.17767
         6.0750     -388.96646    -370.57561      18.39086        2.26177    -370.65207     953.81880
         6.1000     -388.54302    -370.36754      18.17548        2.26650    -370.52028     960.10198
         6.1250     -389.15846    -370.18986      18.96860        2.27634    -370.24624     976.19540
         6.1500     -389.55780    -369.93962      19.61818        2.28266    -370.07024    1024.17695
         6.1750     -388.21035    -369.65922      18.55112        2.29328    -369.77438    1001.84800
         6.2000     -387.90981    -369.72317      18.18663        2.29546    -369.71374     953.11580
         6.2250     -388.66665    -369.85276      18.81389        2.29124    -369.83122     979.29085
         6.2500     -388.64733    -369.88622      18.76110        2.28975    -369.87261     987.20913
         6.2750     -388.33267    -369.89097      18.44170        2.29593    -369.70059     992.45749
         6.3000     -386.61047    -369.34087      17.26960        2.30096    -369.56045     939.11526
         6.3250     -385.43575    -368.85330      16.58245        2.32437    -368.90826     880.26522
         6.3500     -387.49371    -368.75651      18.73720        2.33034    -368.74218     938.74549
         6.3750     -388.13475    -368.86434      19.27040        2.32720    -368.82948    1010.96542
         6.4000     -387.75270    -368.96038      18.79233        2.32371    -368.92684    1002.64009
         6.4250     -387.30978    -369.05753      18.25225        2.32068    -369.01111     965.02176
         6.4500     -387.85405    -369.21312      18.64093        2.31679    -369.11939     974.89034
         6.4750     -387.96582    -368.67031      19.29551        2.32328    -368.93881    1001.91354
         6.5000     -387.32915    -368.79933      18.52983        2.33050    -368.73765     993.38822
         6.5250     -386.95809    -368.60050      18.35759        2.33232    -368.68687     969.20205
         6.5500     -385.98503    -368.09773      17.88731        2.34094    -368.44681     945.82293
         6.5750     -385.39610    -368.23644      17.15966        2.35029    -368.18655     915.11525
         6.6000     -385.38199    -368.37560      17.00639        2.34558    -368.31767     893.23748
         6.6250     -386.56184    -368.54414      18.01771        2.33932    -368.49201     925.28505
         6.6500     -387.09157    -368.49314      18.59844        2.33791    -368.53122     968.94642
         6.6750     -387.50607    -368.13191      19.37416        2.34772    -368.25815    1002.03771
         6.7000     -387.71799    -368.28041      19.43759        2.34901    -368.22198    1025.10907
         6.7250     -386.87425    -367.91008      18.96417        2.35613    -368.02367    1012.74453
         6.7500     -386.30246    -368.02140      18.28106        2.35725    -367.99265     969.26555
         6.7750     -387.11124    -367.85543      19.25581        2.36289    -367.83538     996.91552
         6.8000     -386.40243    -368.31547      18.08696        2.35176    -368.14562     984.39695
         6.8250     -385.44869    -368.38009      17.06860        2.34420    -368.35606     914.17991
         6.8500     -385.27722    -368.29361      16.98361        2.34290    -368.39227     892.82025
         6.8750     -385.52717    -368.43289      17.09429        2.34336    -368.37955     892.07460
         6.9000     -386.18508    -368.10761      18.07747        2.34560    -368.31709     924.90159
         6.9250     -387.25301    -367.87090      19.38211        2.35770    -367.98007     991.17378
         6.9500     -388.20995    -367.77186      20.43809        2.36401    -367.80429    1054.23501
         6.9750     -387.86879    -367.77683      20.09196        2.36526    -367.76942    1074.54848
         7.0000     -386.61978    -367.84073      18.77905        2.36377    -367.81086    1009.85458
         7.0250     -386.85428    -367.96817      18.88611        2.36063    -367.89844     991.82623
         7.0500     -387.33549    -368.18282      19.15267        2.35379    -368.08897    1000.20725
         7.0750     -386.75562    -368.04408      18.71153        2.35130    -368.15825    1002.03674
         7.1000     -385.00284    -368.41021      16.59263        2.34650    -368.29191     910.23788
         7.1250     -385.70489    -368.31444      17.39044        2.34410    -368.35881     888.11062
         7.1500     -387.10140    -368.08996      19.01144        2.35126    -368.15943     969.91665
         7.1750     -386.90228    -367.59419      19.30809        2.37444    -367.51382    1034.30735
         7.2000     -385.66381    -367.44735      18.21646        2.37498    -367.49884     978.21152
         7.2250     -385.80471    -367.09198      18.71273        2.39178    -367.03078     981.69503
         7.2500     -386.66917    -366.77787      19.89129        2.39280    -367.00231    1012.88774
         7.2750     -387.18365    -366.40160      20.78205        2.40984    -366.52770    1083.06796
         7.3000     -386.57119    -366.43836      20.13283        2.41432    -366.40293    1072.96917
         7.3250     -387.29485    -366.49049      20.80436        2.41449    -366.39838    1077.57478
         7.3500     -386.85426    -366.48045      20.37381        2.40968    -366.53225    1090.43555
         7.3750     -386.90149    -366.47536      20.42613        2.41168    -366.47645    1065.59340
         7.4000     -387.07150    -366.57855      20.49295        2.40873    -366.55880    1078.56155
         7.4250     -386.72118    -367.03556      19.68562        2.39854    -366.84238    1056.57868
         7.4500     -386.02557    -366.90881      19.11677        2.39406    -366.96734    1014.42349
         7.4750     -386.08458    -366.69870      19.38588        2.40215    -366.74188    1016.96589
         7.5000     -385.28083    -365.95404      19.32679        2.41957    -366.25684    1018.44427
         7.5250     -385.08097    -366.19996      18.88101        2.42536    -366.09562    1001.27371
         7.5500     -385.66358    -365.99332      19.67026        2.41854    -366.28548    1002.90612
         7.5750     -385.99260    -366.08477      19.90783        2.42669    -366.05847    1047.22023
         7.6000     -385.65601    -365.99697      19.65904        2.42401    -366.13303    1030.21083
         7.6250     -386.02111    -366.30557      19.71554        2.42345    -366.14881    1039.82359
         7.6500     -384.73127    -366.54529      18.18597        2.41203    -366.46673     994.45297
         7.6750     -384.09968    -366.65298      17.44671        2.41089    -366.49852     930.35118
         7.7000     -385.01551    -366.52538      18.49013        2.40647    -366.62160     947.04559
         7.7250     -385.12351    -365.32189      19.80163        2.42320    -366.15575    1001.17259
         7.7500     -384.86468    -364.99643      19.86825        2.45710    -365.21145    1038.63596
         7.7750     -384.81996    -365.13225      19.68771        2.46224    -365.06835    1039.16019
         7.8000     -384.40820    -364.80637      19.60183        2.46175    -365.08184    1028.60908
         7.8250     -383.53221    -364.43478      19.09743        2.48376    -364.46890    1020.96277
         7.8500     -384.59666    -364.41876      20.17791        2.48545    -364.42175    1027.88969
         7.8750     -385.55712    -364.21136      21.34576        2.48998    -364.29563    1109.00394
         7.9000     -385.41815    -364.57862      20.83953        2.48582    -364.41140    1103.51308
         7.9250     -385.86937    -364.22282      21.64655        2.48725    -364.37170    1126.65724
         7.9500     -384.80272    -364.65239      20.15033        2.47856    -364.61362    1085.28161
         7.9750     -384.72998    -364.01704      20.71294        2.49362    -364.19407    1078.78946
         8.0000     -384.82113    -364.27038      20.55075        2.49632    -364.11904    1085.72102
         8.0250     -384.99169    -364.13492      20.85677        2.49353    -364.19684    1094.68988
         8.0500     -384.30125    -364.00987      20.29138        2.49881    -364.04955    1078.87852
         8.0750     -384.22992    -363.98780      20.24211        2.50099    -363.98898    1065.30659
         8.1000     -384.49455    -363.54814      20.94641        2.51176    -363.68907    1085.51324
         8.1250     -384.88857    -363.01931      21.86926        2.53574    -363.02115    1142.94951
         8.1500     -384.42927    -363.62768      20.80159        2.52419    -363.34275    1126.12484
         8.1750     -383.64550    -363.71443      19.93107        2.51072    -363.71794    1058.07863
         8.2000     -384.58929    -363.45087      21.13842        2.51912    -363.48406    1088.27086
         8.2250     -384.51316    -363.24427      21.26889        2.52438    -363.33731    1121.21161
         8.2500     -384.74188    -363.04608      21.69580        2.53573    -363.02139    1135.28260
         8.2750     -383.80499    -363.02271      20.78229        2.53541    -363.03013    1122.06894
         8.3000     -382.16116    -363.05043      19.11073        2.53417    -363.06480    1033.56817
         8.3250     -382.92484    -362.83281      20.09203        2.54480    -362.76855    1034.16734
         8.3500     -384.63186    -363.00858      21.62328        2.53703    -362.98507    1105.45966
         8.3750     -384.79710    -362.64110      22.15600        2.53608    -363.01149    1147.62897
         8.4000     -384.79011    -362.71499      22.07512        2.54617    -362.73061    1161.92726
         8.4250     -384.50433    -361.87561      22.62872        2.56979    -362.07248    1184.37684
         8.4500     -384.89671    -361.11794      23.77877        2.59357    -361.41017    1227.84368
         8.4750     -384.45549    -361.09532      23.36018        2.60726    -361.02890    1247.32791
         8.5000     -383.61641    -361.05580      22.56061        2.60765    -361.01817    1205.13414
         8.5250     -384.14789    -360.95635      23.19154        2.60918    -360.97559    1200.52599
         8.5500     -384.53480    -360.48002      24.05478        2.62190    -360.62105    1257.51903
         8.5750     -383.75141    -360.44652      23.30489        2.62584    -360.51154    1237.02069
         8.6000     -383.57654    -360.44039      23.13615        2.62734    -360.46958    1223.60778
         8.6250     -381.58273    -360.64437      20.93836        2.62609    -360.50434    1152.69483
         8.6500     -381.94192    -360.84390      21.09802        2.61449    -360.82752    1086.89658
         8.6750     -383.27429    -361.10532      22.16897        2.60813    -361.00478    1151.16851
         8.7000     -383.88129    -360.70257      23.17873        2.60698    -361.03665    1186.07030
         8.7250     -384.98645    -359.31258      25.67387        2.65080    -359.81628    1306.72259
         8.7500     -384.06559    -358.90054      25.16505        2.67897    -359.03163    1344.95202
         8.7750     -382.42857    -358.44455      23.98402        2.68799    -358.78025    1270.14894
         8.8000     -384.60264    -358.51458      26.08805        2.69997    -358.44671    1320.59607
         8.8250     -384.66625    -358.26021      26.40604        2.70327    -358.35477    1400.78866
         8.8500     -382.13999    -357.84058      24.29940        2.71394    -358.05742    1324.37600
         8.8750     -379.26788    -357.81613      21.45175        2.72369    -357.78607    1185.49758
         8.9000     -380.95125    -357.79903      23.15222        2.72199    -357.83338    1156.62616
         8.9250     -383.54042    -357.55765      25.98277        2.72985    -357.61441    1321.58170
         8.9500     -383.55103    -357.31411      26.23692        2.73920    -357.35409    1384.69494
         8.9750     -382.91621    -358.76480      24.15141        2.70859    -358.20647    1315.22370
         9.0000     -382.63446    -359.12040      23.51407        2.68038    -358.99218    1245.93092
         9.0250     -383.01659    -359.52687      23.48972        2.66421    -359.44260    1230.00315
         9.0500     -382.60213    -359.86914      22.73299        2.65098    -359.81116    1217.23493
         9.0750     -381.14664    -360.10179      21.04486        2.64381    -360.01077    1137.14159
         9.1000     -380.60216    -360.14224      20.45993        2.63884    -360.14942    1089.73902
         9.1250     -379.62624    -359.80217      19.82406        2.64520    -359.97229    1048.51071
         9.1500     -381.52401    -359.23457      22.28944        2.66356    -359.46092    1117.14250
         9.1750     -381.98325    -358.82510      23.15816        2.68463    -358.87403    1215.96753
         9.2000     -381.14611    -358.94478      22.20132        2.68357    -358.90338    1182.74606
         9.2250     -382.60823    -358.78045      23.82778        2.68945    -358.73957    1226.72491
         9.2500     -382.35444    -359.04853      23.30590        2.67386    -359.17383    1228.72464
         9.2750     -383.26434    -358.68017      24.58417        2.68311    -358.91618    1257.43022
         9.3000     -382.48857    -358.80568      23.68289        2.68946    -358.73940    1275.16205
         9.3250     -381.01301    -358.55859      22.45442        2.69541    -358.57370    1210.24408
         9.3500     -381.37071    -359.03300      22.33770        2.68578    -358.84191    1169.30428
         9.3750     -382.16460    -359.26821      22.89639        2.67489    -359.14515    1203.93232
         9.4000     -382.00586    -358.66820      23.33766        2.67815    -359.05450    1200.09929
         9.4250     -382.52097    -357.75251      24.76845        2.70045    -358.43320    1263.72199
         9.4500     -381.57369    -357.77255      23.80114        2.72366    -357.78675    1271.43775
         9.4750     -381.93550    -357.83651      24.09899        2.72293    -357.80716    1260.53026
         9.5000     -381.74719    -357.79380      23.95339        2.72313    -357.80159    1263.34732
         9.5250     -382.10930    -357.83624      24.27306        2.71921    -357.91066    1263.01170
         9.5500     -382.32649    -358.16139      24.16510        2.71517    -358.02318    1278.37261
         9.5750     -381.23781    -358.00046      23.23734        2.71358    -358.06757    1244.96087
         9.6000     -381.22013    -357.65627      23.56385        2.71919    -357.91119    1222.02960
         9.6250     -380.39203    -357.55662      22.83540        2.73046    -357.59753    1223.29259
         9.6500     -379.51262    -357.36101      22.15162        2.73550    -357.45711    1171.86716
         9.6750     -380.75174    -357.01520      23.73654        2.74586    -357.16836    1207.67101
         9.7000     -381.58452    -356.74691      24.83761        2.75878    -356.80870    1298.69648
         9.7250     -379.26020    -356.82123      22.43897        2.76098    -356.74720    1233.72024
         9.7500     -380.06398    -356.56402      23.49996        2.76524    -356.62873    1205.86145
         9.7750     -380.21448    -356.67723      23.53725        2.76484    -356.63986    1242.43568
         9.8000     -380.59687    -356.58941      24.00746        2.76444    -356.65104    1248.92069
         9.8250     -381.55308    -356.54765      25.00543        2.76899    -356.52433    1294.67079
         9.8500     -381.51316    -356.58716      24.92599        2.76754    -356.56447    1322.26965
         9.8750     -381.36228    -356.96038      24.40190        2.75870    -356.81091    1286.24719
         9.9000     -381.25876    -357.04191      24.21685        2.74766    -357.11825    1279.51779
         9.9250     -381.76818    -357.43894      24.32924        2.73367    -357.50807    1253.04568
         9.9500     -382.33235    -358.11694      24.21540        2.70419    -358.32911    1259.52074
         9.9750     -381.89109    -357.82510      24.06600        2.71566    -358.00960    1262.50037
        10.0000     -381.60616    -357.74753      23.85864        2.72443    -357.76540    1264.53696
